Generated at 2023-08-22 13:27:20 +0530
NoMethodError: undefined method `content' for Custom resource openwrt_touch_file from cookbook openwrt
/opt/chef-workstation/embedded/lib/ruby/gems/3.0.0/gems/chef-17.10.0/lib/chef/resource.rb:1344:in `method_missing'
/Users/apravati/Target/cookbooks/my_cookbook/.chef/local-mode-cache/cache/cookbooks/openwrt/recipes/default.rb:14:in `block in from_file'
/opt/chef-workstation/embedded/lib/ruby/gems/3.0.0/gems/chef-17.10.0/lib/chef/resource_builder.rb:70:in `instance_exec'
/opt/chef-workstation/embedded/lib/ruby/gems/3.0.0/gems/chef-17.10.0/lib/chef/resource_builder.rb:70:in `build'
/opt/chef-workstation/embedded/lib/ruby/gems/3.0.0/gems/chef-17.10.0/lib/chef/dsl/declare_resource.rb:313:in `build_resource'
/opt/chef-workstation/embedded/lib/ruby/gems/3.0.0/gems/chef-17.10.0/lib/chef/dsl/declare_resource.rb:265:in `declare_resource'
/opt/chef-workstation/embedded/lib/ruby/gems/3.0.0/gems/chef-17.10.0/lib/chef/dsl/resources.rb:36:in `touch_file'
/Users/apravati/Target/cookbooks/my_cookbook/.chef/local-mode-cache/cache/cookbooks/openwrt/recipes/default.rb:13:in `from_file'
/opt/chef-workstation/embedded/lib/ruby/gems/3.0.0/gems/chef-17.10.0/lib/chef/mixin/from_file.rb:34:in `instance_eval'
/opt/chef-workstation/embedded/lib/ruby/gems/3.0.0/gems/chef-17.10.0/lib/chef/mixin/from_file.rb:34:in `from_file'
/opt/chef-workstation/embedded/lib/ruby/gems/3.0.0/gems/chef-17.10.0/lib/chef/cookbook_version.rb:233:in `load_ruby_recipe'
/opt/chef-workstation/embedded/lib/ruby/gems/3.0.0/gems/chef-17.10.0/lib/chef/cookbook_version.rb:203:in `load_recipe'
/opt/chef-workstation/embedded/lib/ruby/gems/3.0.0/gems/chef-17.10.0/lib/chef/run_context.rb:417:in `load_recipe'
/opt/chef-workstation/embedded/lib/ruby/gems/3.0.0/gems/chef-17.10.0/lib/chef/run_context/cookbook_compiler.rb:228:in `block in compile_recipes'
/opt/chef-workstation/embedded/lib/ruby/gems/3.0.0/gems/chef-17.10.0/lib/chef/run_context/cookbook_compiler.rb:225:in `each'
/opt/chef-workstation/embedded/lib/ruby/gems/3.0.0/gems/chef-17.10.0/lib/chef/run_context/cookbook_compiler.rb:225:in `compile_recipes'
/opt/chef-workstation/embedded/lib/ruby/gems/3.0.0/gems/chef-17.10.0/lib/chef/run_context/cookbook_compiler.rb:109:in `compile'
/opt/chef-workstation/embedded/lib/ruby/gems/3.0.0/gems/chef-17.10.0/lib/chef/run_context.rb:247:in `load'
/opt/chef-workstation/embedded/lib/ruby/gems/3.0.0/gems/chef-17.10.0/lib/chef/policy_builder/policyfile.rb:181:in `setup_run_context'
/opt/chef-workstation/embedded/lib/ruby/3.0.0/forwardable.rb:238:in `setup_run_context'
/opt/chef-workstation/embedded/lib/ruby/gems/3.0.0/gems/chef-17.10.0/lib/chef/client.rb:495:in `setup_run_context'
/opt/chef-workstation/embedded/lib/ruby/gems/3.0.0/gems/chef-17.10.0/lib/chef/client.rb:281:in `run'
/opt/chef-workstation/embedded/lib/ruby/gems/3.0.0/gems/chef-17.10.0/lib/chef/application.rb:305:in `run_with_graceful_exit_option'
/opt/chef-workstation/embedded/lib/ruby/gems/3.0.0/gems/chef-17.10.0/lib/chef/application.rb:281:in `block in run_chef_client'
/opt/chef-workstation/embedded/lib/ruby/gems/3.0.0/gems/chef-17.10.0/lib/chef/local_mode.rb:42:in `with_server_connectivity'
/opt/chef-workstation/embedded/lib/ruby/gems/3.0.0/gems/chef-17.10.0/lib/chef/application.rb:264:in `run_chef_client'
/opt/chef-workstation/embedded/lib/ruby/gems/3.0.0/gems/chef-17.10.0/lib/chef/application/base.rb:352:in `run_application'
/opt/chef-workstation/embedded/lib/ruby/gems/3.0.0/gems/chef-17.10.0/lib/chef/application.rb:67:in `run'
/opt/chef-workstation/embedded/lib/ruby/gems/3.0.0/gems/chef-bin-17.10.0/bin/chef-client:25:in `<top (required)>'
/usr/local/bin/chef-client:389:in `load'
/usr/local/bin/chef-client:389:in `<main>'