Generated at 2023-08-28 17:49:11 +0530
Psych::SyntaxError: (<unknown>): could not find expected ':' while scanning a simple key at line 11 column 1
/opt/chef-workstation/embedded/lib/ruby/3.0.0/psych.rb:460:in `parse'
/opt/chef-workstation/embedded/lib/ruby/3.0.0/psych.rb:460:in `parse_stream'
/opt/chef-workstation/embedded/lib/ruby/3.0.0/psych.rb:566:in `load_stream'
/opt/chef-workstation/embedded/lib/ruby/gems/3.0.0/gems/chef-17.10.0/lib/chef/recipe.rb:93:in `from_yaml_file'
/opt/chef-workstation/embedded/lib/ruby/gems/3.0.0/gems/chef-17.10.0/lib/chef/cookbook_version.rb:220:in `load_yml_recipe'
/opt/chef-workstation/embedded/lib/ruby/gems/3.0.0/gems/chef-17.10.0/lib/chef/cookbook_version.rb:205:in `load_recipe'
/opt/chef-workstation/embedded/lib/ruby/gems/3.0.0/gems/chef-17.10.0/lib/chef/run_context.rb:417:in `load_recipe'
/opt/chef-workstation/embedded/lib/ruby/gems/3.0.0/gems/chef-17.10.0/lib/chef/run_context/cookbook_compiler.rb:228:in `block in compile_recipes'
/opt/chef-workstation/embedded/lib/ruby/gems/3.0.0/gems/chef-17.10.0/lib/chef/run_context/cookbook_compiler.rb:225:in `each'
/opt/chef-workstation/embedded/lib/ruby/gems/3.0.0/gems/chef-17.10.0/lib/chef/run_context/cookbook_compiler.rb:225:in `compile_recipes'
/opt/chef-workstation/embedded/lib/ruby/gems/3.0.0/gems/chef-17.10.0/lib/chef/run_context/cookbook_compiler.rb:109:in `compile'
/opt/chef-workstation/embedded/lib/ruby/gems/3.0.0/gems/chef-17.10.0/lib/chef/run_context.rb:247:in `load'
/opt/chef-workstation/embedded/lib/ruby/gems/3.0.0/gems/chef-17.10.0/lib/chef/policy_builder/policyfile.rb:181:in `setup_run_context'
/opt/chef-workstation/embedded/lib/ruby/3.0.0/forwardable.rb:238:in `setup_run_context'
/opt/chef-workstation/embedded/lib/ruby/gems/3.0.0/gems/chef-17.10.0/lib/chef/client.rb:495:in `setup_run_context'
/opt/chef-workstation/embedded/lib/ruby/gems/3.0.0/gems/chef-17.10.0/lib/chef/client.rb:281:in `run'
/opt/chef-workstation/embedded/lib/ruby/gems/3.0.0/gems/chef-17.10.0/lib/chef/application.rb:305:in `run_with_graceful_exit_option'
/opt/chef-workstation/embedded/lib/ruby/gems/3.0.0/gems/chef-17.10.0/lib/chef/application.rb:281:in `block in run_chef_client'
/opt/chef-workstation/embedded/lib/ruby/gems/3.0.0/gems/chef-17.10.0/lib/chef/local_mode.rb:42:in `with_server_connectivity'
/opt/chef-workstation/embedded/lib/ruby/gems/3.0.0/gems/chef-17.10.0/lib/chef/application.rb:264:in `run_chef_client'
/opt/chef-workstation/embedded/lib/ruby/gems/3.0.0/gems/chef-17.10.0/lib/chef/application/base.rb:352:in `run_application'
/opt/chef-workstation/embedded/lib/ruby/gems/3.0.0/gems/chef-17.10.0/lib/chef/application.rb:67:in `run'
/opt/chef-workstation/embedded/lib/ruby/gems/3.0.0/gems/chef-bin-17.10.0/bin/chef-client:25:in `<top (required)>'
/usr/local/bin/chef-client:389:in `load'
/usr/local/bin/chef-client:389:in `<main>'