Generated at 2023-09-07 19:24:21 +0530
Errno::EHOSTDOWN: Host is down - connect(2) for 192.168.0.252:22
/opt/chef-workstation/embedded/lib/ruby/3.0.0/socket.rb:1214:in `__connect_nonblock'
/opt/chef-workstation/embedded/lib/ruby/3.0.0/socket.rb:1214:in `connect_nonblock'
/opt/chef-workstation/embedded/lib/ruby/3.0.0/socket.rb:56:in `connect_internal'
/opt/chef-workstation/embedded/lib/ruby/3.0.0/socket.rb:137:in `connect'
/opt/chef-workstation/embedded/lib/ruby/3.0.0/socket.rb:642:in `block in tcp'
/opt/chef-workstation/embedded/lib/ruby/3.0.0/socket.rb:227:in `each'
/opt/chef-workstation/embedded/lib/ruby/3.0.0/socket.rb:227:in `foreach'
/opt/chef-workstation/embedded/lib/ruby/3.0.0/socket.rb:632:in `tcp'
/opt/chef-workstation/embedded/lib/ruby/gems/3.0.0/gems/net-ssh-6.1.0/lib/net/ssh/transport/session.rb:73:in `initialize'
/opt/chef-workstation/embedded/lib/ruby/gems/3.0.0/gems/net-ssh-6.1.0/lib/net/ssh.rb:251:in `new'
/opt/chef-workstation/embedded/lib/ruby/gems/3.0.0/gems/net-ssh-6.1.0/lib/net/ssh.rb:251:in `start'
/opt/chef-workstation/embedded/lib/ruby/gems/3.0.0/gems/train-core-3.10.1/lib/train/transports/ssh_connection.rb:213:in `establish_connection'
/opt/chef-workstation/embedded/lib/ruby/gems/3.0.0/gems/train-core-3.10.1/lib/train/transports/ssh_connection.rb:292:in `session'
/opt/chef-workstation/embedded/lib/ruby/gems/3.0.0/gems/train-core-3.10.1/lib/train/transports/ssh_connection.rb:250:in `run_command_via_connection'
/opt/chef-workstation/embedded/lib/ruby/gems/3.0.0/gems/train-core-3.10.1/lib/train/plugins/base_connection.rb:149:in `run_command'
/opt/chef-workstation/embedded/lib/ruby/gems/3.0.0/gems/train-core-3.10.1/lib/train/platforms/detect/helpers/os_windows.rb:9:in `check_cmd'
/opt/chef-workstation/embedded/lib/ruby/gems/3.0.0/gems/train-core-3.10.1/lib/train/platforms/detect/helpers/os_windows.rb:4:in `detect_windows'
/opt/chef-workstation/embedded/lib/ruby/gems/3.0.0/gems/train-core-3.10.1/lib/train/platforms/detect/specifications/os.rb:20:in `block in load_windows'
/opt/chef-workstation/embedded/lib/ruby/gems/3.0.0/gems/train-core-3.10.1/lib/train/platforms/detect/scanner.rb:44:in `instance_eval'
/opt/chef-workstation/embedded/lib/ruby/gems/3.0.0/gems/train-core-3.10.1/lib/train/platforms/detect/scanner.rb:44:in `block in scan_children'
/opt/chef-workstation/embedded/lib/ruby/gems/3.0.0/gems/train-core-3.10.1/lib/train/platforms/detect/scanner.rb:43:in `each'
/opt/chef-workstation/embedded/lib/ruby/gems/3.0.0/gems/train-core-3.10.1/lib/train/platforms/detect/scanner.rb:43:in `scan_children'
/opt/chef-workstation/embedded/lib/ruby/gems/3.0.0/gems/train-core-3.10.1/lib/train/platforms/detect/scanner.rb:31:in `block in scan'
/opt/chef-workstation/embedded/lib/ruby/gems/3.0.0/gems/train-core-3.10.1/lib/train/platforms/detect/scanner.rb:25:in `each'
/opt/chef-workstation/embedded/lib/ruby/gems/3.0.0/gems/train-core-3.10.1/lib/train/platforms/detect/scanner.rb:25:in `scan'
/opt/chef-workstation/embedded/lib/ruby/gems/3.0.0/gems/train-core-3.10.1/lib/train/platforms/detect.rb:7:in `scan'
/opt/chef-workstation/embedded/lib/ruby/gems/3.0.0/gems/train-core-3.10.1/lib/train/plugins/base_connection.rb:123:in `platform'
/opt/chef-workstation/embedded/lib/ruby/gems/3.0.0/gems/train-core-3.10.1/lib/train/extras/command_wrapper.rb:190:in `load'
/opt/chef-workstation/embedded/lib/ruby/gems/3.0.0/gems/train-core-3.10.1/lib/train/transports/ssh_connection.rb:60:in `initialize'
/opt/chef-workstation/embedded/lib/ruby/gems/3.0.0/gems/train-core-3.10.1/lib/train/transports/ssh.rb:291:in `new'
/opt/chef-workstation/embedded/lib/ruby/gems/3.0.0/gems/train-core-3.10.1/lib/train/transports/ssh.rb:291:in `create_new_connection'
/opt/chef-workstation/embedded/lib/ruby/gems/3.0.0/gems/train-core-3.10.1/lib/train/transports/ssh.rb:86:in `connection'
/opt/chef-workstation/embedded/lib/ruby/gems/3.0.0/gems/chef-17.10.0/lib/chef/run_context.rb:662:in `transport_connection'
/opt/chef-workstation/embedded/lib/ruby/3.0.0/forwardable.rb:238:in `transport_connection'
/opt/chef-workstation/embedded/lib/ruby/gems/3.0.0/gems/chef-17.10.0/lib/chef/client.rb:588:in `run_ohai'
/opt/chef-workstation/embedded/lib/ruby/gems/3.0.0/gems/chef-17.10.0/lib/chef/client.rb:256:in `run'
/opt/chef-workstation/embedded/lib/ruby/gems/3.0.0/gems/chef-17.10.0/lib/chef/application.rb:305:in `run_with_graceful_exit_option'
/opt/chef-workstation/embedded/lib/ruby/gems/3.0.0/gems/chef-17.10.0/lib/chef/application.rb:281:in `block in run_chef_client'
/opt/chef-workstation/embedded/lib/ruby/gems/3.0.0/gems/chef-17.10.0/lib/chef/local_mode.rb:42:in `with_server_connectivity'
/opt/chef-workstation/embedded/lib/ruby/gems/3.0.0/gems/chef-17.10.0/lib/chef/application.rb:264:in `run_chef_client'
/opt/chef-workstation/embedded/lib/ruby/gems/3.0.0/gems/chef-17.10.0/lib/chef/application/base.rb:352:in `run_application'
/opt/chef-workstation/embedded/lib/ruby/gems/3.0.0/gems/chef-17.10.0/lib/chef/application.rb:67:in `run'
/opt/chef-workstation/embedded/lib/ruby/gems/3.0.0/gems/chef-bin-17.10.0/bin/chef-client:25:in `<top (required)>'
/usr/local/bin/chef-client:389:in `load'
/usr/local/bin/chef-client:389:in `<main>'